<?xml version="1.0" encoding="UTF-8"?>
<testsuite xmlns:xsi="http://www.w3.org/2001/XMLSchema-instance" xsi:noNamespaceSchemaLocation="https://maven.apache.org/surefire/maven-surefire-plugin/xsd/surefire-test-report-3.0.xsd" version="3.0" name="TestSuite" time="4.472" tests="21" errors="0" skipped="0" failures="0">
  <properties>
[...]
</properties>
  <testcase name="checkResponseBody" classname="com.SDET.testCases.TC004_PUTCreateUser" time="0.011">
    <system-err><![CDATA[log4j:WARN No appenders could be found for logger (com.SDET.testCases.TC004_PUTCreateUser).
log4j:WARN Please initialize the log4j system properly.
log4j:WARN See http://logging.apache.org/log4j/1.2/faq.html#noconfig for more info.
]]></system-err>
  </testcase>
  <testcase name="checkStatusCode" classname="com.SDET.testCases.TC004_PUTCreateUser" time="0"/>
  <testcase name="checkStatusLine" classname="com.SDET.testCases.TC004_PUTCreateUser" time="0"/>
  <testcase name="tearDown" classname="com.SDET.testCases.TC004_PUTCreateUser" time="0"/>
  <testcase name="checkStatusCode" classname="com.SDET.testCases.TC005_DeleteUserRecord" time="0"/>
  <testcase name="validateUserDeletion" classname="com.SDET.testCases.TC005_DeleteUserRecord" time="0.002">
    <system-out><![CDATA[
]]></system-out>
  </testcase>
  <testcase name="createNewUsers[morpheus, leader](1)" classname="com.SDET.testCases.TC003_POSTCreateUser" time="0.55">
    <system-out><![CDATA[io.restassured.internal.RestAssuredResponseImpl@9f6e406
{"name":"morpheush","job":"leader","id":"244","createdAt":"2022-05-04T14:47:20.613Z"}
201
]]></system-out>
  </testcase>
  <testcase name="createNewUsers[vishu, boss](2)" classname="com.SDET.testCases.TC003_POSTCreateUser" time="0.52">
    <system-out><![CDATA[io.restassured.internal.RestAssuredResponseImpl@45f24169
{"name":"vishuo","job":"boss","id":"85","createdAt":"2022-05-04T14:47:21.147Z"}
201
]]></system-out>
  </testcase>
  <testcase name="tearDown" classname="com.SDET.testCases.TC003_POSTCreateUser" time="0"/>
  <testcase name="checkResponseBody" classname="com.SDET.testCases.TC001_GetAllUsers" time="0.004">
    <system-out><![CDATA[{"page":1,"per_page":6,"total":12,"total_pages":2,"data":[{"id":1,"email":"george.bluth@reqres.in","first_name":"George","last_name":"Bluth","avatar":"https://reqres.in/img/faces/1-image.jpg"},{"id":2,"email":"janet.weaver@reqres.in","first_name":"Janet","last_name":"Weaver","avatar":"https://reqres.in/img/faces/2-image.jpg"},{"id":3,"email":"emma.wong@reqres.in","first_name":"Emma","last_name":"Wong","avatar":"https://reqres.in/img/faces/3-image.jpg"},{"id":4,"email":"eve.holt@reqres.in","first_name":"Eve","last_name":"Holt","avatar":"https://reqres.in/img/faces/4-image.jpg"},{"id":5,"email":"charles.morris@reqres.in","first_name":"Charles","last_name":"Morris","avatar":"https://reqres.in/img/faces/5-image.jpg"},{"id":6,"email":"tracey.ramos@reqres.in","first_name":"Tracey","last_name":"Ramos","avatar":"https://reqres.in/img/faces/6-image.jpg"}],"support":{"url":"https://reqres.in/#support-heading","text":"To keep ReqRes free, contributions towards server costs are appreciated!"}}
]]></system-out>
  </testcase>
  <testcase name="ValidateStatusCode" classname="com.SDET.testCases.TC001_GetAllUsers" time="0"/>
  <testcase name="ValidateResponseTime" classname="com.SDET.testCases.TC001_GetAllUsers" time="0"/>
  <testcase name="ValidateStatusLine" classname="com.SDET.testCases.TC001_GetAllUsers" time="0"/>
  <testcase name="ValidateContentType" classname="com.SDET.testCases.TC001_GetAllUsers" time="0"/>
  <testcase name="ValidateServerType" classname="com.SDET.testCases.TC001_GetAllUsers" time="0"/>
  <testcase name="ValidateContentEncoding" classname="com.SDET.testCases.TC001_GetAllUsers" time="0"/>
  <testcase name="ValidateCookies" classname="com.SDET.testCases.TC001_GetAllUsers" time="0.009"/>
  <testcase name="tearDown" classname="com.SDET.testCases.TC001_GetAllUsers" time="0"/>
  <testcase name="checkResponseBody" classname="com.SDET.testCases.TC002_GetUserDetails" time="0.002">
    <system-out><![CDATA[{"data":{"id":2,"email":"janet.weaver@reqres.in","first_name":"Janet","last_name":"Weaver","avatar":"https://reqres.in/img/faces/2-image.jpg"},"support":{"url":"https://reqres.in/#support-heading","text":"To keep ReqRes free, contributions towards server costs are appreciated!"}}
]]></system-out>
  </testcase>
  <testcase name="ValidateStatusCode" classname="com.SDET.testCases.TC002_GetUserDetails" time="0"/>
  <testcase name="tearDown" classname="com.SDET.testCases.TC002_GetUserDetails" time="0"/>
</testsuite>