<?xml version="1.0" encoding="UTF-8"?>
<!-- Generated by org.testng.reporters.JUnitXMLReporter -->
<testsuite hostname="EPINHYDW04B5" ignored="0" name="RestAssuredTrainingTest" tests="21" failures="0" timestamp="2022-05-04T20:17:21 IST" time="4.038" errors="0">
  <testcase name="checkResponseBody" time="0.011" classname="com.SDET.testCases.TC004_PUTCreateUser"/>
  <testcase name="checkStatusCode" time="0.001" classname="com.SDET.testCases.TC004_PUTCreateUser"/>
  <testcase name="checkStatusCode" time="0.001" classname="com.SDET.testCases.TC005_DeleteUserRecord"/>
  <testcase name="checkStatusLine" time="0.001" classname="com.SDET.testCases.TC004_PUTCreateUser"/>
  <testcase name="createNewUsers" time="0.549" classname="com.SDET.testCases.TC003_POSTCreateUser"/>
  <testcase name="createNewUsers" time="0.518" classname="com.SDET.testCases.TC003_POSTCreateUser"/>
  <testcase name="validateUserDeletion" time="0.002" classname="com.SDET.testCases.TC005_DeleteUserRecord"/>
  <testcase name="checkResponseBody" time="0.0" classname="com.SDET.testCases.TC001_GetAllUsers"/>
  <testcase name="checkResponseBody" time="0.0" classname="com.SDET.testCases.TC002_GetUserDetails"/>
  <testcase name="ValidateStatusCode" time="0.0" classname="com.SDET.testCases.TC001_GetAllUsers"/>
  <testcase name="ValidateStatusCode" time="0.0" classname="com.SDET.testCases.TC002_GetUserDetails"/>
  <testcase name="ValidateResponseTime" time="0.0" classname="com.SDET.testCases.TC001_GetAllUsers"/>
  <testcase name="ValidateStatusLine" time="0.0" classname="com.SDET.testCases.TC001_GetAllUsers"/>
  <testcase name="ValidateContentType" time="0.0" classname="com.SDET.testCases.TC001_GetAllUsers"/>
  <testcase name="ValidateServerType" time="0.0" classname="com.SDET.testCases.TC001_GetAllUsers"/>
  <testcase name="ValidateContentEncoding" time="0.001" classname="com.SDET.testCases.TC001_GetAllUsers"/>
  <testcase name="ValidateCookies" time="0.009" classname="com.SDET.testCases.TC001_GetAllUsers"/>
  <testcase name="tearDown" time="0.0" classname="com.SDET.testCases.TC001_GetAllUsers"/>
  <testcase name="tearDown" time="0.0" classname="com.SDET.testCases.TC002_GetUserDetails"/>
  <testcase name="tearDown" time="0.0" classname="com.SDET.testCases.TC003_POSTCreateUser"/>
  <testcase name="tearDown" time="0.0" classname="com.SDET.testCases.TC004_PUTCreateUser"/>
</testsuite> <!-- RestAssuredTrainingTest -->
